<?xml version="1.0" encoding="UTF-8"?>
<testsuite xmlns:xsi="http://www.w3.org/2001/XMLSchema-instance" xsi:noNamespaceSchemaLocation="https://maven.apache.org/surefire/maven-surefire-plugin/xsd/surefire-test-report-3.0.xsd" version="3.0" name="com.tienda.controller.UserControllerTest" time="1.043" tests="2" errors="0" skipped="0" failures="0">
  <properties>
[...]
</properties>
  <testcase name="findUserById" classname="com.tienda.controller.UserControllerTest" time="0.021">
    <system-out><![CDATA[2024-03-06T10:40:42.488-05:00  INFO 20804 --- [           main] t.c.s.AnnotationConfigContextLoaderUtils : Could not detect default configuration classes for test class [com.tienda.controller.UserControllerTest]: UserControllerTest does not declare any static, non-private, non-final, nested classes annotated with @Configuration.
2024-03-06T10:40:42.498-05:00  INFO 20804 --- [           main] .b.t.c.SpringBootTestContextBootstrapper : Found @SpringBootConfiguration com.tienda.AppSpringBootApplication for test class com.tienda.controller.UserControllerTest

  .   ____          _            __ _ _
 /\\ / ___'_ __ _ _(_)_ __  __ _ \ \ \ \
( ( )\___ | '_ | '_| | '_ \/ _` | \ \ \ \
 \\/  ___)| |_)| | | | | || (_| |  ) ) ) )
  '  |____| .__|_| |_|_| |_\__, | / / / /
 =========|_|==============|___/=/_/_/_/
 :: Spring Boot ::                (v3.2.2)

2024-03-06T10:40:42.561-05:00  INFO 20804 --- [           main] c.tienda.controller.UserControllerTest   : Starting UserControllerTest using Java 21 with PID 20804 (started by Juan Jose in C:\Users\TEMP\Desktop\programacion\tiendaBarrioFinal\tiendeDeBarrioFinal)
2024-03-06T10:40:42.561-05:00  INFO 20804 --- [           main] c.tienda.controller.UserControllerTest   : No active profile set, falling back to 1 default profile: "default"
2024-03-06T10:40:42.767-05:00  INFO 20804 --- [           main] .s.d.r.c.RepositoryConfigurationDelegate : Bootstrapping Spring Data MongoDB repositories in DEFAULT mode.
2024-03-06T10:40:42.788-05:00  INFO 20804 --- [           main] .s.d.r.c.RepositoryConfigurationDelegate : Finished Spring Data repository scanning in 19 ms. Found 2 MongoDB repository interfaces.
2024-03-06T10:40:43.118-05:00  INFO 20804 --- [           main] org.mongodb.driver.client                : MongoClient with metadata {"driver": {"name": "mongo-java-driver|sync|spring-boot", "version": "4.11.1"}, "os": {"type": "Windows", "name": "Windows 11", "architecture": "amd64", "version": "10.0"}, "platform": "Java/Oracle Corporation/21+35-2513"} created with settings MongoClientSettings{readPreference=primary, writeConcern=WriteConcern{w=null, wTimeout=null ms, journal=null}, retryWrites=true, retryReads=true, readConcern=ReadConcern{level=null}, credential=MongoCredential{mechanism=null, userName='admin', source='admin', password=<hidden>, mechanismProperties=<hidden>}, transportSettings=null, streamFactoryFactory=null, commandListeners=[], codecRegistry=ProvidersCodecRegistry{codecProviders=[ValueCodecProvider{}, BsonValueCodecProvider{}, DBRefCodecProvider{}, DBObjectCodecProvider{}, DocumentCodecProvider{}, CollectionCodecProvider{}, IterableCodecProvider{}, MapCodecProvider{}, GeoJsonCodecProvider{}, GridFSFileCodecProvider{}, Jsr310CodecProvider{}, JsonObjectCodecProvider{}, BsonCodecProvider{}, EnumCodecProvider{}, com.mongodb.client.model.mql.ExpressionCodecProvider@4b544732, com.mongodb.Jep395RecordCodecProvider@44084713, com.mongodb.KotlinCodecProvider@6d8b7ea9]}, loggerSettings=LoggerSettings{maxDocumentLength=1000}, clusterSettings={hosts=[127.0.0.1:27017], srvHost=tiendabarrio.xexu6ph.mongodb.net, srvServiceName=mongodb, mode=MULTIPLE, requiredClusterType=REPLICA_SET, requiredReplicaSetName='atlas-uwm6cz-shard-0', serverSelector='null', clusterListeners='[]', serverSelectionTimeout='30000 ms', localThreshold='15 ms'}, socketSettings=SocketSettings{connectTimeoutMS=10000, readTimeoutMS=0, receiveBufferSize=0, proxySettings=ProxySettings{host=null, port=null, username=null, password=null}}, heartbeatSocketSettings=SocketSettings{connectTimeoutMS=10000, readTimeoutMS=10000, receiveBufferSize=0, proxySettings=ProxySettings{host=null, port=null, username=null, password=null}}, connectionPoolSettings=ConnectionPoolSettings{maxSize=100, minSize=0, maxWaitTimeMS=120000, maxConnectionLifeTimeMS=0, maxConnectionIdleTimeMS=0, maintenanceInitialDelayMS=0, maintenanceFrequencyMS=60000, connectionPoolListeners=[], maxConnecting=2}, serverSettings=ServerSettings{heartbeatFrequencyMS=10000, minHeartbeatFrequencyMS=500, serverListeners='[]', serverMonitorListeners='[]'}, sslSettings=SslSettings{enabled=true, invalidHostNameAllowed=false, context=null}, applicationName='null', compressorList=[], uuidRepresentation=JAVA_LEGACY, serverApi=null, autoEncryptionSettings=null, dnsClient=null, inetAddressResolver=null, contextProvider=null}
2024-03-06T10:40:43.171-05:00  INFO 20804 --- [6ph.mongodb.net] org.mongodb.driver.cluster               : Adding discovered server ac-fef9kri-shard-00-01.xexu6ph.mongodb.net:27017 to client view of cluster
2024-03-06T10:40:43.174-05:00  INFO 20804 --- [6ph.mongodb.net] org.mongodb.driver.cluster               : Adding discovered server ac-fef9kri-shard-00-00.xexu6ph.mongodb.net:27017 to client view of cluster
2024-03-06T10:40:43.176-05:00  INFO 20804 --- [6ph.mongodb.net] org.mongodb.driver.cluster               : Adding discovered server ac-fef9kri-shard-00-02.xexu6ph.mongodb.net:27017 to client view of cluster
2024-03-06T10:40:43.214-05:00  WARN 20804 --- [           main] .s.s.UserDetailsServiceAutoConfiguration : 

Using generated security password: 284a0f39-61f5-4da4-ae69-4a0933605578

This generated password is for development use only. Your security configuration must be updated before running your application in production.

2024-03-06T10:40:43.347-05:00  INFO 20804 --- [           main] o.s.s.web.DefaultSecurityFilterChain     : Will secure any request with [org.springframework.security.web.session.DisableEncodeUrlFilter@3435a4e5, org.springframework.security.web.context.request.async.WebAsyncManagerIntegrationFilter@31434b63, org.springframework.security.web.context.SecurityContextHolderFilter@6b6f73d, org.springframework.security.web.header.HeaderWriterFilter@5c65fa69, org.springframework.security.web.authentication.logout.LogoutFilter@2ea0161f, com.tienda.security.JwtRequestFilter@64d42d3d, org.springframework.security.web.authentication.www.BasicAuthenticationFilter@1a0b4955, org.springframework.security.web.savedrequest.RequestCacheAwareFilter@4c6fabba, org.springframework.security.web.servletapi.SecurityContextHolderAwareRequestFilter@3f2ab6ec, org.springframework.security.web.authentication.AnonymousAuthenticationFilter@24558113, org.springframework.security.web.session.SessionManagementFilter@38d308e7, org.springframework.security.web.access.ExceptionTranslationFilter@17ebbf1e, org.springframework.security.web.access.intercept.AuthorizationFilter@75d402d4]
2024-03-06T10:40:43.471-05:00  INFO 20804 --- [           main] o.s.b.t.m.w.SpringBootMockServletContext : Initializing Spring TestDispatcherServlet ''
2024-03-06T10:40:43.471-05:00  INFO 20804 --- [           main] o.s.t.web.servlet.TestDispatcherServlet  : Initializing Servlet ''
2024-03-06T10:40:43.472-05:00  INFO 20804 --- [           main] o.s.t.web.servlet.TestDispatcherServlet  : Completed initialization in 0 ms
2024-03-06T10:40:43.478-05:00  INFO 20804 --- [           main] c.tienda.controller.UserControllerTest   : Started UserControllerTest in 0.972 seconds (process running for 9.115)
2024-03-06T10:40:43.490-05:00  INFO 20804 --- [           main] o.s.mock.web.MockServletContext          : Initializing Spring TestDispatcherServlet ''
2024-03-06T10:40:43.490-05:00  INFO 20804 --- [           main] o.s.t.web.servlet.TestDispatcherServlet  : Initializing Servlet ''
2024-03-06T10:40:43.490-05:00  INFO 20804 --- [           main] o.s.t.web.servlet.TestDispatcherServlet  : Completed initialization in 0 ms
]]></system-out>
  </testcase>
  <testcase name="getAllUser" classname="com.tienda.controller.UserControllerTest" time="0.021">
    <system-out><![CDATA[2024-03-06T10:40:43.512-05:00  INFO 20804 --- [           main] o.s.mock.web.MockServletContext          : Initializing Spring TestDispatcherServlet ''
2024-03-06T10:40:43.512-05:00  INFO 20804 --- [           main] o.s.t.web.servlet.TestDispatcherServlet  : Initializing Servlet ''
2024-03-06T10:40:43.512-05:00  INFO 20804 --- [           main] o.s.t.web.servlet.TestDispatcherServlet  : Completed initialization in 0 ms
Number of user response DTOs: 2
2024-03-06T10:40:43.516-05:00  INFO 20804 --- [ngodb.net:27017] org.mongodb.driver.cluster               : Monitor thread successfully connected to server with description ServerDescription{address=ac-fef9kri-shard-00-01.xexu6ph.mongodb.net:27017, type=REPLICA_SET_PRIMARY, state=CONNECTED, ok=true, minWireVersion=0, maxWireVersion=17, maxDocumentSize=16777216, logicalSessionTimeoutMinutes=30, roundTripTimeNanos=219978600, setName='atlas-uwm6cz-shard-0', canonicalAddress=ac-fef9kri-shard-00-01.xexu6ph.mongodb.net:27017, hosts=[ac-fef9kri-shard-00-01.xexu6ph.mongodb.net:27017, ac-fef9kri-shard-00-00.xexu6ph.mongodb.net:27017, ac-fef9kri-shard-00-02.xexu6ph.mongodb.net:27017], passives=[], arbiters=[], primary='ac-fef9kri-shard-00-01.xexu6ph.mongodb.net:27017', tagSet=TagSet{[Tag{name='availabilityZone', value='use1-az1'}, Tag{name='diskState', value='READY'}, Tag{name='nodeType', value='ELECTABLE'}, Tag{name='provider', value='AWS'}, Tag{name='region', value='US_EAST_1'}, Tag{name='workloadType', value='OPERATIONAL'}]}, electionId=7fffffff00000000000000f6, setVersion=11, topologyVersion=TopologyVersion{processId=65df92e54ad00714aa134f34, counter=6}, lastWriteDate=Wed Mar 06 10:40:42 COT 2024, lastUpdateTimeNanos=362572859417700}
2024-03-06T10:40:43.517-05:00  INFO 20804 --- [ngodb.net:27017] org.mongodb.driver.cluster               : Discovered replica set primary ac-fef9kri-shard-00-01.xexu6ph.mongodb.net:27017 with max election id 7fffffff00000000000000f6 and max set version 11
Number of user response DTOs: 2
]]></system-out>
  </testcase>
</testsuite>